
  .   ____          _            __ _ _
 /\\ / ___'_ __ _ _(_)_ __  __ _ \ \ \ \
( ( )\___ | '_ | '_| | '_ \/ _` | \ \ \ \
 \\/  ___)| |_)| | | | | || (_| |  ) ) ) )
  '  |____| .__|_| |_|_| |_\__, | / / / /
 =========|_|==============|___/=/_/_/_/

 :: Spring Boot ::                (v3.5.5)

2025-09-19T16:33:46.633-05:00  INFO 20240 --- [sistemasinfor] [           main] c.p.s.SistemasinforApplication           : Starting SistemasinforApplication v0.0.1-SNAPSHOT using Java 24.0.2 with PID 20240 (C:\Users\stive\Dropbox\PC\Downloads\sistemasinfor\target\sistemasinfor-0.0.1-SNAPSHOT.jar started by stive in C:\Users\stive\Dropbox\PC\Downloads\sistemasinfor)
2025-09-19T16:33:46.641-05:00  INFO 20240 --- [sistemasinfor] [           main] c.p.s.SistemasinforApplication           : No active profile set, falling back to 1 default profile: "default"
2025-09-19T16:33:49.044-05:00  INFO 20240 --- [sistemasinfor] [           main] .s.d.r.c.RepositoryConfigurationDelegate : Bootstrapping Spring Data JPA repositories in DEFAULT mode.
2025-09-19T16:33:49.239-05:00  INFO 20240 --- [sistemasinfor] [           main] .s.d.r.c.RepositoryConfigurationDelegate : Finished Spring Data repository scanning in 165 ms. Found 4 JPA repository interfaces.
2025-09-19T16:33:52.096-05:00  INFO 20240 --- [sistemasinfor] [           main] o.s.b.w.embedded.tomcat.TomcatWebServer  : Tomcat initialized with port 8080 (http)
2025-09-19T16:33:52.167-05:00  INFO 20240 --- [sistemasinfor] [           main] o.apache.catalina.core.StandardService   : Starting service [Tomcat]
2025-09-19T16:33:52.169-05:00  INFO 20240 --- [sistemasinfor] [           main] o.apache.catalina.core.StandardEngine    : Starting Servlet engine: [Apache Tomcat/10.1.44]
2025-09-19T16:33:52.270-05:00  INFO 20240 --- [sistemasinfor] [           main] o.a.c.c.C.[Tomcat].[localhost].[/]       : Initializing Spring embedded WebApplicationContext
2025-09-19T16:33:52.272-05:00  INFO 20240 --- [sistemasinfor] [           main] w.s.c.ServletWebServerApplicationContext : Root WebApplicationContext: initialization completed in 5489 ms
2025-09-19T16:33:52.934-05:00  INFO 20240 --- [sistemasinfor] [           main] o.hibernate.jpa.internal.util.LogHelper  : HHH000204: Processing PersistenceUnitInfo [name: default]
2025-09-19T16:33:53.146-05:00  INFO 20240 --- [sistemasinfor] [           main] org.hibernate.Version                    : HHH000412: Hibernate ORM core version 6.6.26.Final
2025-09-19T16:33:53.255-05:00  INFO 20240 --- [sistemasinfor] [           main] o.h.c.internal.RegionFactoryInitiator    : HHH000026: Second-level cache disabled
2025-09-19T16:33:54.310-05:00  INFO 20240 --- [sistemasinfor] [           main] o.s.o.j.p.SpringPersistenceUnitInfo      : No LoadTimeWeaver setup: ignoring JPA class transformer
2025-09-19T16:33:54.636-05:00  INFO 20240 --- [sistemasinfor] [           main] com.zaxxer.hikari.HikariDataSource       : HikariPool-1 - Starting...
2025-09-19T16:33:55.162-05:00  INFO 20240 --- [sistemasinfor] [           main] com.zaxxer.hikari.pool.HikariPool        : HikariPool-1 - Added connection com.mysql.cj.jdbc.ConnectionImpl@8851ec
2025-09-19T16:33:55.169-05:00  INFO 20240 --- [sistemasinfor] [           main] com.zaxxer.hikari.HikariDataSource       : HikariPool-1 - Start completed.
2025-09-19T16:33:55.237-05:00  WARN 20240 --- [sistemasinfor] [           main] org.hibernate.orm.deprecation            : HHH90000025: MySQL8Dialect does not need to be specified explicitly using 'hibernate.dialect' (remove the property setting and it will be selected by default)
2025-09-19T16:33:55.240-05:00  WARN 20240 --- [sistemasinfor] [           main] org.hibernate.orm.deprecation            : HHH90000026: MySQL8Dialect has been deprecated; use org.hibernate.dialect.MySQLDialect instead
2025-09-19T16:33:55.287-05:00  INFO 20240 --- [sistemasinfor] [           main] org.hibernate.orm.connections.pooling    : HHH10001005: Database info:
	Database JDBC URL [Connecting through datasource 'HikariDataSource (HikariPool-1)']
	Database driver: undefined/unknown
	Database version: 8.0
	Autocommit mode: undefined/unknown
	Isolation level: undefined/unknown
	Minimum pool size: undefined/unknown
	Maximum pool size: undefined/unknown
2025-09-19T16:33:57.493-05:00  INFO 20240 --- [sistemasinfor] [           main] o.h.e.t.j.p.i.JtaPlatformInitiator       : HHH000489: No JTA platform available (set 'hibernate.transaction.jta.platform' to enable JTA platform integration)
2025-09-19T16:33:57.791-05:00  INFO 20240 --- [sistemasinfor] [           main] j.LocalContainerEntityManagerFactoryBean : Initialized JPA EntityManagerFactory for persistence unit 'default'
2025-09-19T16:33:58.787-05:00  INFO 20240 --- [sistemasinfor] [           main] o.s.d.j.r.query.QueryEnhancerFactory     : Hibernate is in classpath; If applicable, HQL parser will be used.
2025-09-19T16:34:01.630-05:00  WARN 20240 --- [sistemasinfor] [           main] JpaBaseConfiguration$JpaWebConfiguration : spring.jpa.open-in-view is enabled by default. Therefore, database queries may be performed during view rendering. Explicitly configure spring.jpa.open-in-view to disable this warning
2025-09-19T16:34:01.729-05:00  WARN 20240 --- [sistemasinfor] [           main] .s.s.UserDetailsServiceAutoConfiguration : 

Using generated security password: 151b529a-e1ff-4aa9-a8e1-10baf5cf78cb

This generated password is for development use only. Your security configuration must be updated before running your application in production.

2025-09-19T16:34:01.745-05:00  INFO 20240 --- [sistemasinfor] [           main] r$InitializeUserDetailsManagerConfigurer : Global AuthenticationManager configured with UserDetailsService bean with name inMemoryUserDetailsManager
2025-09-19T16:34:05.311-05:00  INFO 20240 --- [sistemasinfor] [           main] o.s.b.w.embedded.tomcat.TomcatWebServer  : Tomcat started on port 8080 (http) with context path '/'
2025-09-19T16:34:05.417-05:00  INFO 20240 --- [sistemasinfor] [           main] c.p.s.SistemasinforApplication           : Started SistemasinforApplication in 21.155 seconds (process running for 22.871)
2025-09-19T16:34:58.731-05:00  INFO 20240 --- [sistemasinfor] [nio-8080-exec-1] o.a.c.c.C.[Tomcat].[localhost].[/]       : Initializing Spring DispatcherServlet 'dispatcherServlet'
2025-09-19T16:34:58.733-05:00  INFO 20240 --- [sistemasinfor] [nio-8080-exec-1] o.s.web.servlet.DispatcherServlet        : Initializing Servlet 'dispatcherServlet'
2025-09-19T16:34:58.739-05:00  INFO 20240 --- [sistemasinfor] [nio-8080-exec-1] o.s.web.servlet.DispatcherServlet        : Completed initialization in 4 ms
